<?xml version="1.0" encoding="UTF-8"?>
<testsuite name="ProjectTest" tests="3" skipped="0" failures="0" errors="0" timestamp="2020-10-23T13:49:36" hostname="SDA-Lund-45-mbpro" time="0.033">
  <properties/>
  <testcase name="getProjectId_test()" classname="ProjectTest" time="0.016"/>
  <testcase name="addTask_test()" classname="ProjectTest" time="0.014"/>
  <testcase name="setProjectId_test()" classname="ProjectTest" time="0.001"/>
  <system-out><![CDATA[]]></system-out>
  <system-err><![CDATA[]]></system-err>
</testsuite>
